 5.2097e-01 6.1246e-02 7.8320e-01
 9.6116e-01 6.3299e-01 4.0144e-01
 4.4458e-01 1.5353e-01 9.0976e-01
 3.0095e-01 3.7804e-01 6.9016e-01
 5.6879e-01 7.9282e-01 6.7375e-01
 3.7379e-01 5.7441e-01 6.8140e-01
 2.8555e-02 1.5735e-01 3.9065e-01
 1.1506e-01 8.2507e-01 3.1516e-02
 6.2535e-01 9.6254e-01 9.3938e-03
 2.7761e-01 3.8380e-01 1.9254e-01
 7.8380e-01 6.4397e-01 8.9197e-02
 3.1680e-01 9.0697e-01 3.1488e-01
 1.5983e-01 2.7231e-01 4.9935e-01
 4.2088e-01 7.7164e-01 8.7160e-01
 7.7931e-01 7.0049e-01 2.3788e-01
 3.2251e-02 3.5777e-01 8.3203e-01
 3.8813e-01 3.2800e-01 3.3990e-01
 2.2645e-01 8.0189e-01 2.2299e-01
 8.1890e-01 5.7681e-02 4.9155e-01
 9.4443e-01 3.0548e-01 6.2870e-02
 8.8851e-01 3.0680e-01 6.4399e-01
 1.2767e-01 7.8241e-01 5.0646e-01
 7.9352e-01 9.2301e-01 1.5558e-01
 8.5458e-02 3.3269e-01 1.2623e-01
 5.5635e-01 4.6829e-01 1.5435e-01
 1.0140e-01 9.8511e-01 4.0182e-01
 6.9991e-01 6.5952e-01 9.8652e-01
 9.7749e-01 7.2297e-01 5.9506e-01
 5.0491e-01 4.2100e-01 2.2247e-01
 7.2473e-01 1.4904e-02 4.1560e-03
 6.1752e-01 9.2707e-02 8.6085e-01
 2.5884e-02 4.8224e-01 5.6688e-03
 6.8589e-01 6.4789e-01 4.0560e-01
 6.2099e-02 2.4624e-01 7.7060e-01
 3.2683e-01 8.6029e-01 6.9583e-01
 2.5468e-01 4.4071e-01 7.9344e-02
 4.3589e-01 8.2065e-01 4.5200e-01
 3.5539e-01 1.7638e-02 8.6487e-02
 3.6974e-01 2.6578e-01 1.1086e-01

 4.6139e-01 4.1338e-01 5.7805e-01
 2.7903e-01 8.1264e-01 7.7255e-01
 2.0006e-01 5.4110e-01 8.8715e-01
 7.7627e-01 6.6768e-01 4.3146e-02
 7.7838e-01 8.1068e-01 8.2942e-01
 7.1662e-02 7.5979e-01 1.1486e-01
 1.4156e-02 9.2765e-01 4.3850e-01
 6.1041e-01 2.1431e-01 6.9836e-01
 4.1156e-01 7.4907e-01 9.4116e-02
 2.3715e-01 8.8345e-01 6.4523e-01
 1.0196e-01 6.9729e-01 9.8780e-01
 4.7443e-01 1.9036e-01 4.5493e-01
 8.8113e-01 9.2574e-01 6.7072e-01
 6.0842e-01 2.9113e-01 4.6050e-01
 6.3001e-01 9.3038e-02 2.2913e-01
 7.3657e-03 2.4706e-01 5.0885e-01
 7.6277e-01 8.5028e-02 4.7431e-01
 3.1826e-02 7.7199e-01 6.7101e-01
 9.9388e-01 3.4676e-01 1.5766e-01
 3.5784e-01 9.5059e-01 2.4790e-01
 2.5430e-01 4.6510e-01 4.0536e-02
 9.9804e-01 5.6869e-02 2.0770e-02
 2.1868e-01 2.2771e-01 7.7056e-01
 2.5997e-01 3.9535e-01 2.9352e-01
 4.0364e-01 8.6894e-01 5.8118e-01
 9.8929e-01 9.7926e-01 4.8359e-01
 9.5580e-01 2.0674e-01 4.7225e-01
 4.8298e-01 2.8944e-01 4.3271e-01
 4.4129e-01 3.6081e-01 2.8965e-01
 4.2289e-02 2.5491e-02 8.9803e-01
 5.9384e-01 4.7270e-01 3.6928e-01
 9.0268e-01 7.7420e-01 8.6770e-01
 3.2132e-01 8.3813e-01 6.7058e-01
 7.9390e-01 1.3806e-02 2.5643e-01
 6.7895e-01 4.4188e-01 9.1084e-01
 9.9698e-02 6.4880e-01 5.0000e-01
 8.6556e-01 7.7359e-01 3.7129e-01
 6.9311e-01 3.6953e-01 3.4934e-01
 7.1011e-01 8.6311e-01 1.9836e-01
 2.7712e-01 5.2266e-01 4.6540e-01
 9.3025e-01 2.5298e-01 9.9457e-01
 8.1207e-01 5.6041e-01 1.8615e-01
 7.5155e-01 7.1302e-01 9.2033e-01
 8.1139e-01 1.7873e-01 6.6530e-01
 4.2049e-01 8.5154e-01 6.4665e-01
 3.8156e-01 8.0606e-01 1.4946e-01
 8.1875e-01 4.2579e-01 1.7415e-01
 1.8327e-01 9.3656e-01 1.2096e-01

<sigmoid> 5 40 
 7.215538e-01 7.714937e-02 7.142937e-01 4.790570e-01 7.588360e-01 5.797249e-01 2.918454e-01 8.991809e-01 8.645625e-01 6.579009e-02 5.784783e-01 2.592463e-01 4.629000e-01 5.533582e-01 3.258007e-01 4.910464e-01 5.812595e-02 2.826298e-01 5.471310e-02 7.493623e-01 3.440300e-01 6.744451e-01 8.144360e-01 9.445967e-01 2.898632e-01 8.704966e-01 8.028682e-01 1.753700e-01 5.813185e-02 6.497622e-01 8.307463e-01 7.762345e-01 9.230392e-01 6.176732e-01 6.418581e-01 6.309054e-01 2.110408e-01 6.318305e-01 3.630110e-02
 3.598114e-01 1.466468e-01 6.090509e-01 3.725723e-01 4.474754e-01 2.940128e-01 2.719213e-02 6.589731e-01 9.325719e-01 4.510850e-01 7.195087e-01 8.646039e-01 3.266715e-01 4.730520e-02 9.204913e-01 7.589740e-01 7.349881e-01 4.793694e-01 8.830171e-01 8.055056e-01 6.426314e-01 3.323177e-02 7.617532e-02 5.362213e-01 8.837807e-01 8.800926e-01 2.929732e-01 2.592391e-01 8.459536e-02 9.274582e-01 7.152931e-01 5.405983e-01 5.205365e-01 9.379639e-01 5.441954e-01 6.450841e-01 3.360598e-01 6.275817e-01 2.809857e-01
 2.899784e-01 3.190973e-01 1.074655e-01 8.948826e-01 7.064006e-01 7.755798e-01 6.852243e-01 5.025707e-01 3.673832e-01 6.654633e-01 1.619971e-01 1.374872e-01 1.974343e-01 5.674684e-01 1.981554e-01 3.436043e-01 4.391554e-01 8.844709e-01 8.408670e-01 7.844656e-02 7.819258e-01 9.478932e-02 9.247296e-01 7.756677e-01 8.393553e-01 9.414337e-01 8.395547e-01 8.683903e-01 3.534638e-01 8.744081e-01 6.403064e-01 7.261159e-01 7.825146e-01 3.645696e-01 2.927186e-01 4.545150e-01 7.858071e-01 5.467597e-01 8.657864e-01
 3.287317e-01 9.935921e-02 3.603191e-01 2.634367e-01 1.239657e-01 3.056383e-01 5.818238e-01 2.182782e-01 9.720280e-01 9.606727e-01 2.848789e-01 3.482614e-02 1.481243e-01 5.592886e-02 6.931839e-01 1.565098e-01 2.201230e-01 4.201170e-01 2.521474e-01 3.168307e-01 5.421854e-01 1.804937e-02 2.535914e-01 8.290676e-01 1.307303e-01 9.489432e-01 5.847940e-01 2.701593e-01 9.828615e-01 4.254299e-01 6.701016e-01 7.176682e-01 7.625939e-01 4.860635e-01 9.953219e-01 5.053135e-01 8.513472e-01 3.579465e-01 8.188158e-01
 2.139566e-01 3.619918e-01 6.984069e-01 9.130150e-01 9.724926e-02 3.254129e-01 3.559239e-01 7.583323e-01 2.928911e-01 7.145216e-01 8.434744e-01 1.702422e-01 9.084952e-01 2.655834e-01 8.925193e-01 7.196467e-01 1.986704e-02 5.141955e-01 3.114136e-02 8.614345e-01 3.358153e-01 1.897415e-01 2.962984e-01 9.563382e-01 1.359281e-01 1.969233e-01 8.351585e-01 2.772885e-01 3.381868e-01 7.565258e-01 8.460234e-01 4.895414e-01 1.053305e-01 2.081232e-01 5.270569e-01 7.051397e-02 6.161398e-03 3.452500e-01 4.357959e-02
<bias> 5 
 9.711170e-01 4.364890e-01 9.815435e-01 3.356866e-01 9.225525e-01

<sigmoid> 48 6 
 1.896667e-01 9.389728e-01 3.028566e-01 2.612421e-01 4.708407e-01
 9.775447e-01 5.971788e-01 4.614840e-01 2.492262e-01 1.102379e-01
 4.667478e-01 9.573784e-01 7.895327e-01 7.454979e-01 3.539144e-01
 4.823853e-01 4.225121e-01 5.215746e-01 2.937876e-01 3.849865e-01
 9.728666e-01 1.410649e-01 6.745995e-01 7.073842e-01 5.331349e-01
 9.938047e-01 7.024128e-01 8.156359e-01 8.539687e-01 3.591914e-01
 1.132907e-01 7.718379e-01 9.143969e-01 6.686991e-01 6.406880e-01
 6.179507e-01 5.037667e-01 8.006707e-01 3.216945e-01 1.453027e-01
 4.483197e-01 4.910267e-01 1.317148e-01 3.810699e-01 5.390376e-01
 6.186042e-01 9.228063e-02 4.359876e-01 1.343866e-01 2.851173e-01
 6.884646e-01 3.029576e-01 3.139695e-01 1.168580e-01 2.673393e-01
 6.593605e-01 2.611842e-01 2.484773e-01 5.478099e-01 1.976659e-01
 9.546640e-01 7.484099e-01 4.717204e-02 7.293375e-02 5.738096e-01
 4.742717e-01 2.470083e-02 3.205979e-01 3.060665e-01 1.838495e-01
 5.107076e-01 2.210083e-01 3.042126e-01 1.740648e-02 1.175361e-01
 9.608254e-01 3.820838e-01 2.555352e-01 4.729649e-01 1.117281e-01
 1.061022e-01 2.131919e-01 2.846048e-01 2.848078e-01 8.458576e-01
 1.382893e-01 6.632178e-01 7.824602e-01 8.577673e-03 3.311940e-01
 5.075850e-01 9.886243e-01 6.049632e-01 5.475956e-01 3.570308e-01
 4.640487e-01 3.954877e-01 9.510244e-01 7.918496e-02 3.618344e-01
 4.835393e-01 2.187180e-01 3.254552e-02 9.141458e-01 2.135511e-01
 5.438861e-01 2.131155e-01 4.581580e-01 4.228970e-01 9.240280e-01
 7.450343e-01 2.610310e-02 1.084707e-01 5.276954e-03 2.588811e-01
 3.493258e-01 3.928224e-01 3.749115e-01 2.557015e-01 2.302947e-01
 3.627019e-01 1.260712e-01 6.143103e-01 6.121678e-01 6.078831e-01
 7.886140e-01 3.160790e-01 5.271012e-01 1.798463e-01 7.037376e-01
 3.204427e-01 5.215907e-01 4.656875e-01 6.444293e-01 3.199720e-01
 7.991908e-01 5.132987e-01 7.951635e-01 1.220366e-01 5.978047e-01
 7.701575e-01 1.167625e-01 1.667400e-01 6.586282e-01 1.660006e-01
 6.561292e-01 6.111844e-01 9.385471e-01 2.886923e-01 8.826143e-01
 7.217433e-01 6.628458e-03 1.892086e-01 9.165102e-01 8.725342e-01
 9.598241e-01 5.573533e-02 4.695966e-01 9.198703e-01 6.368413e-01
 6.336739e-01 2.083632e-01 4.000312e-01 5.379185e-01 9.928522e-01
 1.884911e-01 9.640068e-01 9.787413e-01 6.620081e-01 2.264486e-01
 4.422095e-01 4.782475e-01 9.911712e-01 2.136579e-01 2.182779e-02
 6.065405e-01 3.494280e-01 7.463067e-02 2.453027e-01 5.259870e-01
 1.822958e-01 6.664196e-01 7.943771e-01 5.159768e-01 5.856400e-01
 5.555002e-01 2.500854e-01 9.055681e-01 8.823570e-01 6.625158e-01
 2.244911e-01 8.531948e-01 8.753014e-01 5.669972e-01 6.712898e-01
 6.306154e-01 1.574463e-01 9.260920e-01 8.970466e-01 1.246776e-01
 1.741044e-01 3.423660e-01 3.415557e-01 1.674361e-02 9.476331e-01
 9.129558e-01 1.561523e-01 1.892709e-01 6.838551e-01 9.386292e-01
 2.899759e-01 4.186305e-01 1.745693e-01 4.448565e-01 3.223435e-01
 1.287683e-01 9.077591e-02 3.887278e-01 8.967735e-02 5.214428e-01
 3.872275e-01 1.808532e-01 5.098688e-01 9.899216e-01 1.224787e-01
 8.006835e-01 6.396388e-01 4.787819e-01 4.622630e-01 4.398796e-01
 8.959372e-02 4.728597e-01 6.442630e-01 5.626423e-01 6.331709e-01
 4.933297e-01 3.940451e-01 7.944735e-01 2.747295e-01 9.683363e-01
<bias> 48 
 7.710736e-01 9.902017e-01 3.301708e-01 9.846247e-01 9.142296e-01 5.890518e-01 2.149194e-01 5.221127e-01 2.927895e-01 5.348914e-01 1.199175e-01 4.587901e-01 4.175057e-01 9.924517e-01 9.563140e-02 4.103578e-01 2.189002e-01 1.174592e-01 9.363449e-01 8.045402e-01 7.799750e-01 6.076347e-01 9.292178e-01 7.276081e-01 5.462638e-01 2.515613e-01 2.490509e-01 6.687425e-01 6.914409e-01 8.822218e-01 6.370788e-01 4.625145e-01 8.724235e-01 9.672495e-01 4.471393e-01 7.866531e-01 5.563014e-01 6.620586e-01 3.087659e-01 8.490908e-01 1.969500e-01 4.286833e-01 3.078809e-01 6.144556e-01 4.211349e-01 4.035123e-01 2.481349e-02 6.400352e-01


 4.6792e-02 5.1390e-02 3.5623e-02
 4.3597e-02 9.7937e-03 1.2337e-02
 3.8503e-02 2.1543e-02 4.3445e-03
 1.5007e-02 2.4048e-02 7.6088e-02
 7.5616e-03 6.3548e-03 5.6595e-03
 2.3855e-02 5.9159e-03 2.2747e-02
 6.3848e-02 2.5224e-03 3.5383e-02
 3.3080e-02 7.1839e-02 2.4479e-02
 8.3251e-02 2.6595e-02 1.3658e-01
 1.2699e-01 1.4695e-03 4.7738e-02
 1.8314e-01 3.9175e-02 -3.1089e-02
 6.8676e-02 1.1297e-01 7.1739e-02
 6.6494e-03 1.8893e-03 2.9111e-02
 4.9719e-02 1.0219e-01 7.4197e-02
 5.1500e-02 2.3571e-01 1.8903e-01
 1.1951e-01 8.8462e-02 5.4597e-02
 2.4589e-02 1.7203e-01 8.7363e-02
 1.7362e-01 2.3005e-02 4.3556e-02
 -4.8296e-04 2.3690e-02 3.0779e-02
 5.1287e-02 3.8256e-04 6.0741e-02
 8.4302e-02 5.8128e-02 1.1089e-01
 -2.9709e-03 6.9881e-02 7.2718e-02
 1.3293e-01 1.3114e-01 2.3363e-02
 1.0523e-01 8.3356e-02 9.9834e-02
 5.5157e-02 7.8618e-03 3.7126e-02
 -5.3914e-03 -4.2739e-03 5.0909e-02
 -4.1613e-03 9.9003e-02 6.2472e-02
 2.7852e-02 3.8903e-02 3.0733e-02
 6.4431e-02 7.5053e-02 8.4499e-02
 2.5943e-02 2.6401e-02 2.4208e-03
 2.4521e-02 3.2497e-02 3.9347e-02
 3.8621e-03 1.1144e-02 5.8484e-03
 3.2415e-02 6.7683e-03 1.5091e-02
 6.7230e-03 3.4631e-02 2.5973e-02
 3.2541e-02 6.3207e-02 2.5389e-03
 1.0797e-01 3.6572e-02 5.5935e-02
 6.7809e-03 1.3085e-02 4.0694e-02
 1.0990e-02 2.3358e-02 2.4153e-02
 1.4833e-02 6.1221e-03 4.3992e-02
 3.6561e-02 2.3655e-02 2.6684e-02
 -9.8220e-03 1.3033e-01 -2.3143e-02
 1.0387e-02 2.7503e-02 5.3001e-02
 2.7046e-02 3.5397e-02 -9.5547e-03
 1.2075e-02 1.6240e-01 4.6790e-02
 6.5157e-02 1.0204e-02 3.6340e-02
 4.2693e-02 1.1455e-02 5.9801e-02
 1.4927e-02 7.3512e-02 1.1109e-01
 4.2255e-02 1.9225e-03 4.5611e-02

<sigmoid> 5 40 
 7.215527e-01 7.714824e-02 7.142926e-01 4.790562e-01 7.588349e-01 5.797240e-01 2.918450e-01 8.991807e-01 8.645619e-01 6.578968e-02 5.784776e-01 2.592458e-01 4.628995e-01 5.533571e-01 3.257999e-01 4.910457e-01 5.812533e-02 2.826293e-01 5.471206e-02 7.493615e-01 3.440287e-01 6.744445e-01 8.144352e-01 9.445965e-01 2.898626e-01 8.704961e-01 8.028668e-01 1.753687e-01 5.813124e-02 6.497616e-01 8.307451e-01 7.762344e-01 9.230382e-01 6.176725e-01 6.418572e-01 6.309051e-01 2.110400e-01 6.318302e-01 3.630070e-02
 3.598093e-01 1.466453e-01 6.090485e-01 3.725705e-01 4.474734e-01 2.940109e-01 2.719116e-02 6.589728e-01 9.325715e-01 4.510843e-01 7.195081e-01 8.646028e-01 3.266702e-01 4.730281e-02 9.204903e-01 7.589720e-01 7.349871e-01 4.793686e-01 8.830156e-01 8.055050e-01 6.426295e-01 3.323035e-02 7.617443e-02 5.362208e-01 8.837799e-01 8.800914e-01 2.929704e-01 2.592372e-01 8.459455e-02 9.274579e-01 7.152908e-01 5.405982e-01 5.205351e-01 9.379620e-01 5.441934e-01 6.450837e-01 3.360583e-01 6.275814e-01 2.809852e-01
 2.899779e-01 3.190970e-01 1.074650e-01 8.948822e-01 7.064001e-01 7.755794e-01 6.852241e-01 5.025706e-01 3.673830e-01 6.654631e-01 1.619969e-01 1.374869e-01 1.974340e-01 5.674679e-01 1.981551e-01 3.436038e-01 4.391552e-01 8.844707e-01 8.408667e-01 7.844637e-02 7.819253e-01 9.478900e-02 9.247294e-01 7.756676e-01 8.393551e-01 9.414334e-01 8.395540e-01 8.683898e-01 3.534636e-01 8.744079e-01 6.403059e-01 7.261159e-01 7.825143e-01 3.645692e-01 2.927181e-01 4.545149e-01 7.858067e-01 5.467595e-01 8.657863e-01
 3.287238e-01 9.935318e-02 3.603103e-01 2.634299e-01 1.239582e-01 3.056314e-01 5.818203e-01 2.182772e-01 9.720259e-01 9.606702e-01 2.848760e-01 3.482220e-02 1.481196e-01 5.592005e-02 6.931797e-01 1.565024e-01 2.201190e-01 4.201141e-01 2.521413e-01 3.168278e-01 5.421777e-01 1.804434e-02 2.535877e-01 8.290661e-01 1.307274e-01 9.489390e-01 5.847837e-01 2.701516e-01 9.828582e-01 4.254281e-01 6.700928e-01 7.176678e-01 7.625885e-01 4.860567e-01 9.953148e-01 5.053119e-01 8.513419e-01 3.579449e-01 8.188138e-01
 2.139530e-01 3.619881e-01 6.984028e-01 9.130116e-01 9.724489e-02 3.254091e-01 3.559222e-01 7.583308e-01 2.928887e-01 7.145200e-01 8.434719e-01 1.702393e-01 9.084929e-01 2.655786e-01 8.925163e-01 7.196432e-01 1.986479e-02 5.141932e-01 3.113832e-02 8.614324e-01 3.358113e-01 1.897384e-01 2.962953e-01 9.563372e-01 1.359261e-01 1.969203e-01 8.351530e-01 2.772839e-01 3.381847e-01 7.565246e-01 8.460193e-01 4.895407e-01 1.053271e-01 2.081201e-01 5.270527e-01 7.051267e-02 6.157961e-03 3.452491e-01 4.357826e-02
<bias> 5 
 9.711152e-01 4.364860e-01 9.815428e-01 3.356752e-01 9.225460e-01

<sigmoid> 48 6 
 1.883287e-01 9.376349e-01 3.015186e-01 2.599045e-01 4.695030e-01
 9.768874e-01 5.965216e-01 4.608268e-01 2.485692e-01 1.095807e-01
 4.661039e-01 9.567345e-01 7.888888e-01 7.448542e-01 3.532706e-01
 4.812340e-01 4.213610e-01 5.204232e-01 2.926369e-01 3.838354e-01
 9.726709e-01 1.408691e-01 6.744037e-01 7.071885e-01 5.329391e-01
 9.932796e-01 7.018877e-01 8.151107e-01 8.534438e-01 3.586664e-01
 1.122732e-01 7.708205e-01 9.133794e-01 6.676821e-01 6.396707e-01
 6.166568e-01 5.024729e-01 7.993768e-01 3.204009e-01 1.440090e-01
 4.458556e-01 4.885629e-01 1.292506e-01 3.786071e-01 5.365741e-01
 6.168423e-01 9.051882e-02 4.342256e-01 1.326254e-01 2.833557e-01
 6.865525e-01 3.010453e-01 3.120572e-01 1.149460e-01 2.654274e-01
 6.568267e-01 2.586506e-01 2.459435e-01 5.452770e-01 1.951326e-01
 9.542875e-01 7.480335e-01 4.679555e-02 7.255754e-02 5.734333e-01
 4.720107e-01 2.244003e-02 3.183369e-01 3.038063e-01 1.815890e-01
 5.059454e-01 2.162466e-01 2.994504e-01 1.264619e-02 1.127749e-01
 9.581999e-01 3.794584e-01 2.529096e-01 4.703402e-01 1.091031e-01
 1.032626e-01 2.103525e-01 2.817651e-01 2.819690e-01 8.430185e-01
 1.358877e-01 6.608163e-01 7.800584e-01 6.176846e-03 3.287928e-01
 5.070452e-01 9.880846e-01 6.044234e-01 5.470561e-01 3.564911e-01
 4.629247e-01 3.943638e-01 9.499003e-01 7.806157e-02 3.607107e-01
 4.810062e-01 2.161851e-01 3.001238e-02 9.116139e-01 2.110185e-01
 5.424899e-01 2.117194e-01 4.567617e-01 4.215014e-01 9.226321e-01
 7.421601e-01 2.322893e-02 1.055964e-01 2.403319e-03 2.560073e-01
 3.464417e-01 3.899385e-01 3.720274e-01 2.528186e-01 2.274111e-01
 3.617005e-01 1.250699e-01 6.133089e-01 6.111669e-01 6.068819e-01
 7.882016e-01 3.156667e-01 5.266888e-01 1.794343e-01 7.033253e-01
 3.188696e-01 5.200178e-01 4.641144e-01 6.428568e-01 3.183993e-01
 7.982160e-01 5.123240e-01 7.941886e-01 1.210621e-01 5.968301e-01
 7.679178e-01 1.145229e-01 1.645002e-01 6.563894e-01 1.637613e-01
 6.555816e-01 6.106368e-01 9.379995e-01 2.881448e-01 8.820668e-01
 7.207797e-01 5.664955e-03 1.882449e-01 9.155470e-01 8.715708e-01
 9.596156e-01 5.552680e-02 4.693880e-01 9.196618e-01 6.366328e-01
 6.331312e-01 2.078205e-01 3.994884e-01 5.373760e-01 9.923095e-01
 1.878178e-01 9.633337e-01 9.780681e-01 6.613351e-01 2.257755e-01
 4.412267e-01 4.772647e-01 9.901883e-01 2.126752e-01 2.084510e-02
 6.045359e-01 3.474235e-01 7.262596e-02 2.432988e-01 5.239828e-01
 1.816902e-01 6.658142e-01 7.937716e-01 5.153716e-01 5.850345e-01
 5.549152e-01 2.495005e-01 9.049832e-01 8.817723e-01 6.619310e-01
 2.238417e-01 8.525454e-01 8.746520e-01 5.663481e-01 6.706405e-01
 6.297464e-01 1.565774e-01 9.252230e-01 8.961780e-01 1.238088e-01
 1.731307e-01 3.413923e-01 3.405821e-01 1.576983e-02 9.466596e-01
 9.120469e-01 1.552436e-01 1.883620e-01 6.829467e-01 9.377205e-01
 2.894470e-01 4.181016e-01 1.740404e-01 4.443277e-01 3.218147e-01
 1.265557e-01 8.856344e-02 3.865152e-01 8.746527e-02 5.192305e-01
 3.861106e-01 1.797363e-01 5.087518e-01 9.888052e-01 1.213619e-01
 7.995441e-01 6.384995e-01 4.776425e-01 4.611242e-01 4.387404e-01
 8.759853e-02 4.708648e-01 6.422678e-01 5.606481e-01 6.311762e-01
 4.924319e-01 3.931473e-01 7.935756e-01 2.738321e-01 9.674386e-01
<bias> 48 
 7.697356e-01 9.895445e-01 3.295268e-01 9.834732e-01 9.140339e-01 5.885267e-01 2.139018e-01 5.208188e-01 2.903252e-01 5.331293e-01 1.180052e-01 4.562563e-01 4.171292e-01 9.901906e-01 9.086904e-02 4.077322e-01 2.160605e-01 1.150574e-01 9.358051e-01 8.034161e-01 7.774418e-01 6.062384e-01 9.263434e-01 7.247239e-01 5.452624e-01 2.511489e-01 2.474778e-01 6.677676e-01 6.892011e-01 8.816742e-01 6.361151e-01 4.623060e-01 8.718807e-01 9.665762e-01 4.461564e-01 7.846484e-01 5.556958e-01 6.614736e-01 3.081164e-01 8.482218e-01 1.959763e-01 4.277744e-01 3.073520e-01 6.122430e-01 4.200180e-01 4.023728e-01 2.281819e-02 6.391373e-01

